<?xml version="1.0" encoding="UTF-8"?>
<!-- Generated by org.testng.reporters.JUnitReportReporter -->
<testsuite hostname="DESKTOP-9P43CVK" failures="0" tests="1" name="pageObject.CustomerServices" time="0.785" errors="0" timestamp="2021-02-13T15:28:03 CST" skipped="0">
  <testcase classname="pageObject.CustomerServices" name="customerServicesButtonTest" time="0.785"/>
  <system-out/>
</testsuite> <!-- pageObject.CustomerServices -->
