<?xml version="1.0" encoding="UTF-8"?>
<!-- Generated by org.testng.reporters.JUnitReportReporter -->
<testsuite hostname="DESKTOP-9P43CVK" failures="0" tests="1" name="HM.Clothes.DataBaseTesting" time="0.023" errors="0" timestamp="2021-03-02T10:49:37 CST" skipped="0">
  <testcase classname="HM.Clothes.DataBaseTesting" name="getValuesFromDataBase" time="0.023"/>
  <system-out/>
</testsuite> <!-- HM.Clothes.DataBaseTesting -->
