<?xml version="1.0" encoding="UTF-8"?>
<!-- Generated by org.testng.reporters.JUnitReportReporter -->
<testsuite hostname="DESKTOP-9P43CVK" failures="0" tests="1" name="pageObject.StudentDiscount" time="6.884" errors="0" timestamp="2021-02-13T15:28:03 CST" skipped="0">
  <testcase classname="pageObject.StudentDiscount" name="studentDiscountButtonTest" time="6.884"/>
  <system-out/>
</testsuite> <!-- pageObject.StudentDiscount -->
