<?xml version="1.0" encoding="UTF-8"?>
<!-- Generated by org.testng.reporters.JUnitReportReporter -->
<testsuite hostname="DESKTOP-9P43CVK" failures="0" tests="1" name="HM.Clothes.StudentDiscount" time="4.879" errors="0" timestamp="2021-03-04T09:58:27 CST" skipped="0">
  <testcase classname="HM.Clothes.StudentDiscount" name="studentDiscountButtonTest" time="4.879"/>
  <system-out/>
</testsuite> <!-- HM.Clothes.StudentDiscount -->
