<?xml version="1.0" encoding="UTF-8"?>
<!-- Generated by org.testng.reporters.JUnitReportReporter -->
<testsuite hostname="DESKTOP-9P43CVK" failures="0" tests="1" name="HM.Clothes.CustomerServices" time="1.042" errors="0" timestamp="2021-03-10T13:03:01 CST" skipped="0">
  <testcase classname="HM.Clothes.CustomerServices" name="customerServicesButtonTest" time="1.042"/>
  <system-out/>
</testsuite> <!-- HM.Clothes.CustomerServices -->
