<?xml version="1.0" encoding="UTF-8"?>
<!-- Generated by org.testng.reporters.JUnitReportReporter -->
<testsuite hostname="DESKTOP-9P43CVK" failures="0" tests="2" name="HM.Clothes.HomePageTest" time="1.707" errors="0" timestamp="2021-03-24T14:11:03 CDT" skipped="0">
  <testcase classname="HM.Clothes.HomePageTest" name="getLoginValuesFromDataBase" time="1.590"/>
  <system-out/>
  <testcase classname="HM.Clothes.HomePageTest" name="costumerServiceButtonTest" time="0.117"/>
  <system-out/>
</testsuite> <!-- HM.Clothes.HomePageTest -->
