<?xml version="1.0" encoding="UTF-8"?>
<!-- Generated by org.testng.reporters.JUnitReportReporter -->
<testsuite hostname="DESKTOP-9P43CVK" failures="0" tests="4" name="HM.Clothes.HomePage" time="8.501" errors="0" timestamp="2021-03-10T14:00:59 CST" skipped="0">
  <testcase classname="HM.Clothes.HomePage" name="costumerServiceButtonTest" time="0.236"/>
  <system-out/>
  <testcase classname="HM.Clothes.HomePage" name="customerServicesButtonTest" time="1.902"/>
  <system-out/>
  <testcase classname="HM.Clothes.HomePage" name="studentDiscountButtonTest" time="3.888"/>
  <system-out/>
  <testcase classname="HM.Clothes.HomePage" name="getLoginValuesFromDataBase" time="2.475"/>
  <system-out/>
</testsuite> <!-- HM.Clothes.HomePage -->
