<?xml version="1.0" encoding="UTF-8"?>
<!-- Generated by org.testng.reporters.JUnitReportReporter -->
<testsuite hostname="DESKTOP-9P43CVK" failures="0" tests="1" name="HM.Clothes.StudentDiscount" time="2.156" errors="0" timestamp="2 Mar 2021 15:40:53 GMT">
  <testcase classname="HM.Clothes.StudentDiscount" name="studentDiscountButtonTest" time="2.156"/>
</testsuite> <!-- HM.Clothes.StudentDiscount -->
