<?xml version="1.0" encoding="UTF-8"?>
<!-- Generated by org.testng.reporters.JUnitReportReporter -->
<testsuite hostname="DESKTOP-9P43CVK" failures="0" tests="1" name="HM.Clothes.LoginPageTest" time="0.711" errors="0" timestamp="2 Mar 2021 15:40:53 GMT">
  <testcase classname="HM.Clothes.LoginPageTest" name="getLogin" time="0.711"/>
</testsuite> <!-- HM.Clothes.LoginPageTest -->
